2015-02-18T11:32:51+00:00 ERR (3): 
exception 'Mage_Api2_Exception' with message 'Request does not match any route.' in Z:\home\martana.den\www\app\code\core\Mage\Api2\Model\Router.php:87
Stack trace:
#0 Z:\home\martana.den\www\app\code\core\Mage\Api2\Model\Server.php(198): Mage_Api2_Model_Router->route(Object(Mage_Api2_Model_Request))
#1 Z:\home\martana.den\www\app\code\core\Mage\Api2\Model\Server.php(105): Mage_Api2_Model_Server->_route(Object(Mage_Api2_Model_Request))
#2 Z:\home\martana.den\www\api.php(67): Mage_Api2_Model_Server->run()
#3 {main}
2015-02-18T11:36:39+00:00 ERR (3): 
exception 'Mage_Api2_Exception' with message 'Access denied' in Z:\home\martana.den\www\app\code\core\Mage\Api2\Model\Server.php:217
Stack trace:
#0 Z:\home\martana.den\www\app\code\core\Mage\Api2\Model\Server.php(106): Mage_Api2_Model_Server->_allow(Object(Mage_Api2_Model_Request), Object(Mage_Api2_Model_Auth_User_Guest))
#1 Z:\home\martana.den\www\api.php(67): Mage_Api2_Model_Server->run()
#2 {main}
2015-03-19T06:31:01+00:00 ERR (3): 
exception 'Mage_Core_Exception' with message 'Недействительный тип блока: Mage_Stovpak_Block_Customblock' in Z:\home\martana.den\www\app\Mage.php:595
Stack trace:
#0 Z:\home\martana.den\www\app\code\core\Mage\Core\Model\Layout.php(495): Mage::throwException('???????????????...')
#1 Z:\home\martana.den\www\app\code\core\Mage\Core\Model\Layout.php(437): Mage_Core_Model_Layout->_getBlockInstance('stovpak/customb...', Array)
#2 Z:\home\martana.den\www\app\code\core\Mage\Core\Model\Layout.php(472): Mage_Core_Model_Layout->createBlock('stovpak/customb...', 'customblock')
#3 Z:\home\martana.den\www\app\code\core\Mage\Core\Model\Layout.php(239): Mage_Core_Model_Layout->addBlock('stovpak/customb...', 'customblock')
#4 Z:\home\martana.den\www\app\code\core\Mage\Core\Model\Layout.php(205): Mage_Core_Model_Layout->_generateBlock(Object(Mage_Core_Model_Layout_Element), Object(Mage_Core_Model_Layout_Element))
#5 Z:\home\martana.den\www\app\code\core\Mage\Core\Model\Layout.php(210): Mage_Core_Model_Layout->generateBlocks(Object(Mage_Core_Model_Layout_Element))
#6 Z:\home\martana.den\www\app\code\core\Mage\Core\Controller\Varien\Action.php(344): Mage_Core_Model_Layout->generateBlocks()
#7 Z:\home\martana.den\www\app\code\core\Mage\Catalog\controllers\CategoryController.php(148): Mage_Core_Controller_Varien_Action->generateLayoutBlocks()
#8 Z:\home\martana.den\www\app\code\core\Mage\Core\Controller\Varien\Action.php(418): Mage_Catalog_CategoryController->viewAction()
#9 Z:\home\martana.den\www\app\code\core\Mage\Core\Controller\Varien\Router\Standard.php(250): Mage_Core_Controller_Varien_Action->dispatch('view')
#10 Z:\home\martana.den\www\app\code\core\Mage\Core\Controller\Varien\Front.php(172): Mage_Core_Controller_Varien_Router_Standard->match(Object(Mage_Core_Controller_Request_Http))
#11 Z:\home\martana.den\www\app\code\core\Mage\Core\Model\App.php(354): Mage_Core_Controller_Varien_Front->dispatch()
#12 Z:\home\martana.den\www\app\Mage.php(684): Mage_Core_Model_App->run(Array)
#13 Z:\home\martana.den\www\index.php(89): Mage::run('', 'store')
#14 {main}
2015-03-19T06:31:22+00:00 ERR (3): 
exception 'Mage_Core_Exception' with message 'Недействительный тип блока: Mage_Stovpak_Block_Customblock' in Z:\home\martana.den\www\app\Mage.php:595
Stack trace:
#0 Z:\home\martana.den\www\app\code\core\Mage\Core\Model\Layout.php(495): Mage::throwException('???????????????...')
#1 Z:\home\martana.den\www\app\code\core\Mage\Core\Model\Layout.php(437): Mage_Core_Model_Layout->_getBlockInstance('stovpak/customb...', Array)
#2 Z:\home\martana.den\www\app\code\core\Mage\Core\Model\Layout.php(472): Mage_Core_Model_Layout->createBlock('stovpak/customb...', 'customblock')
#3 Z:\home\martana.den\www\app\code\core\Mage\Core\Model\Layout.php(239): Mage_Core_Model_Layout->addBlock('stovpak/customb...', 'customblock')
#4 Z:\home\martana.den\www\app\code\core\Mage\Core\Model\Layout.php(205): Mage_Core_Model_Layout->_generateBlock(Object(Mage_Core_Model_Layout_Element), Object(Mage_Core_Model_Layout_Element))
#5 Z:\home\martana.den\www\app\code\core\Mage\Core\Model\Layout.php(210): Mage_Core_Model_Layout->generateBlocks(Object(Mage_Core_Model_Layout_Element))
#6 Z:\home\martana.den\www\app\code\core\Mage\Core\Controller\Varien\Action.php(344): Mage_Core_Model_Layout->generateBlocks()
#7 Z:\home\martana.den\www\app\code\core\Mage\Catalog\controllers\CategoryController.php(148): Mage_Core_Controller_Varien_Action->generateLayoutBlocks()
#8 Z:\home\martana.den\www\app\code\core\Mage\Core\Controller\Varien\Action.php(418): Mage_Catalog_CategoryController->viewAction()
#9 Z:\home\martana.den\www\app\code\core\Mage\Core\Controller\Varien\Router\Standard.php(250): Mage_Core_Controller_Varien_Action->dispatch('view')
#10 Z:\home\martana.den\www\app\code\core\Mage\Core\Controller\Varien\Front.php(172): Mage_Core_Controller_Varien_Router_Standard->match(Object(Mage_Core_Controller_Request_Http))
#11 Z:\home\martana.den\www\app\code\core\Mage\Core\Model\App.php(354): Mage_Core_Controller_Varien_Front->dispatch()
#12 Z:\home\martana.den\www\app\Mage.php(684): Mage_Core_Model_App->run(Array)
#13 Z:\home\martana.den\www\index.php(89): Mage::run('', 'store')
#14 {main}
2015-03-19T06:32:08+00:00 ERR (3): 
exception 'Mage_Core_Exception' with message 'Недействительный тип блока: Mage_Stovpak_Block_Customblock' in Z:\home\martana.den\www\app\Mage.php:595
Stack trace:
#0 Z:\home\martana.den\www\app\code\core\Mage\Core\Model\Layout.php(495): Mage::throwException('???????????????...')
#1 Z:\home\martana.den\www\app\code\core\Mage\Core\Model\Layout.php(437): Mage_Core_Model_Layout->_getBlockInstance('stovpak/customb...', Array)
#2 Z:\home\martana.den\www\app\code\core\Mage\Core\Model\Layout.php(472): Mage_Core_Model_Layout->createBlock('stovpak/customb...', 'customblock')
#3 Z:\home\martana.den\www\app\code\core\Mage\Core\Model\Layout.php(239): Mage_Core_Model_Layout->addBlock('stovpak/customb...', 'customblock')
#4 Z:\home\martana.den\www\app\code\core\Mage\Core\Model\Layout.php(205): Mage_Core_Model_Layout->_generateBlock(Object(Mage_Core_Model_Layout_Element), Object(Mage_Core_Model_Layout_Element))
#5 Z:\home\martana.den\www\app\code\core\Mage\Core\Model\Layout.php(210): Mage_Core_Model_Layout->generateBlocks(Object(Mage_Core_Model_Layout_Element))
#6 Z:\home\martana.den\www\app\code\core\Mage\Core\Controller\Varien\Action.php(344): Mage_Core_Model_Layout->generateBlocks()
#7 Z:\home\martana.den\www\app\code\core\Mage\Catalog\controllers\CategoryController.php(148): Mage_Core_Controller_Varien_Action->generateLayoutBlocks()
#8 Z:\home\martana.den\www\app\code\core\Mage\Core\Controller\Varien\Action.php(418): Mage_Catalog_CategoryController->viewAction()
#9 Z:\home\martana.den\www\app\code\core\Mage\Core\Controller\Varien\Router\Standard.php(250): Mage_Core_Controller_Varien_Action->dispatch('view')
#10 Z:\home\martana.den\www\app\code\core\Mage\Core\Controller\Varien\Front.php(172): Mage_Core_Controller_Varien_Router_Standard->match(Object(Mage_Core_Controller_Request_Http))
#11 Z:\home\martana.den\www\app\code\core\Mage\Core\Model\App.php(354): Mage_Core_Controller_Varien_Front->dispatch()
#12 Z:\home\martana.den\www\app\Mage.php(684): Mage_Core_Model_App->run(Array)
#13 Z:\home\martana.den\www\index.php(89): Mage::run('', 'store')
#14 {main}
2015-03-19T06:34:27+00:00 ERR (3): 
exception 'Mage_Core_Exception' with message 'Недействительный тип блока: Mage_Stovpak_Block_Customblock_Childcategories' in Z:\home\martana.den\www\app\Mage.php:595
Stack trace:
#0 Z:\home\martana.den\www\app\code\core\Mage\Core\Model\Layout.php(495): Mage::throwException('???????????????...')
#1 Z:\home\martana.den\www\app\code\core\Mage\Core\Model\Layout.php(437): Mage_Core_Model_Layout->_getBlockInstance('stovpak/customb...', Array)
#2 Z:\home\martana.den\www\app\code\core\Mage\Core\Model\Layout.php(472): Mage_Core_Model_Layout->createBlock('stovpak/customb...', 'customblock')
#3 Z:\home\martana.den\www\app\code\core\Mage\Core\Model\Layout.php(239): Mage_Core_Model_Layout->addBlock('stovpak/customb...', 'customblock')
#4 Z:\home\martana.den\www\app\code\core\Mage\Core\Model\Layout.php(205): Mage_Core_Model_Layout->_generateBlock(Object(Mage_Core_Model_Layout_Element), Object(Mage_Core_Model_Layout_Element))
#5 Z:\home\martana.den\www\app\code\core\Mage\Core\Model\Layout.php(210): Mage_Core_Model_Layout->generateBlocks(Object(Mage_Core_Model_Layout_Element))
#6 Z:\home\martana.den\www\app\code\core\Mage\Core\Controller\Varien\Action.php(344): Mage_Core_Model_Layout->generateBlocks()
#7 Z:\home\martana.den\www\app\code\core\Mage\Catalog\controllers\CategoryController.php(148): Mage_Core_Controller_Varien_Action->generateLayoutBlocks()
#8 Z:\home\martana.den\www\app\code\core\Mage\Core\Controller\Varien\Action.php(418): Mage_Catalog_CategoryController->viewAction()
#9 Z:\home\martana.den\www\app\code\core\Mage\Core\Controller\Varien\Router\Standard.php(250): Mage_Core_Controller_Varien_Action->dispatch('view')
#10 Z:\home\martana.den\www\app\code\core\Mage\Core\Controller\Varien\Front.php(172): Mage_Core_Controller_Varien_Router_Standard->match(Object(Mage_Core_Controller_Request_Http))
#11 Z:\home\martana.den\www\app\code\core\Mage\Core\Model\App.php(354): Mage_Core_Controller_Varien_Front->dispatch()
#12 Z:\home\martana.den\www\app\Mage.php(684): Mage_Core_Model_App->run(Array)
#13 Z:\home\martana.den\www\index.php(89): Mage::run('', 'store')
#14 {main}
2015-03-19T06:38:32+00:00 ERR (3): 
exception 'Mage_Core_Exception' with message 'Недействительный тип блока: Mage_Stovpak_Block_Customblock_Childcategories' in Z:\home\martana.den\www\app\Mage.php:595
Stack trace:
#0 Z:\home\martana.den\www\app\code\core\Mage\Core\Model\Layout.php(495): Mage::throwException('???????????????...')
#1 Z:\home\martana.den\www\app\code\core\Mage\Core\Model\Layout.php(437): Mage_Core_Model_Layout->_getBlockInstance('stovpak/customb...', Array)
#2 Z:\home\martana.den\www\app\code\core\Mage\Core\Model\Layout.php(472): Mage_Core_Model_Layout->createBlock('stovpak/customb...', 'customblock')
#3 Z:\home\martana.den\www\app\code\core\Mage\Core\Model\Layout.php(239): Mage_Core_Model_Layout->addBlock('stovpak/customb...', 'customblock')
#4 Z:\home\martana.den\www\app\code\core\Mage\Core\Model\Layout.php(205): Mage_Core_Model_Layout->_generateBlock(Object(Mage_Core_Model_Layout_Element), Object(Mage_Core_Model_Layout_Element))
#5 Z:\home\martana.den\www\app\code\core\Mage\Core\Model\Layout.php(210): Mage_Core_Model_Layout->generateBlocks(Object(Mage_Core_Model_Layout_Element))
#6 Z:\home\martana.den\www\app\code\core\Mage\Core\Controller\Varien\Action.php(344): Mage_Core_Model_Layout->generateBlocks()
#7 Z:\home\martana.den\www\app\code\core\Mage\Catalog\controllers\CategoryController.php(148): Mage_Core_Controller_Varien_Action->generateLayoutBlocks()
#8 Z:\home\martana.den\www\app\code\core\Mage\Core\Controller\Varien\Action.php(418): Mage_Catalog_CategoryController->viewAction()
#9 Z:\home\martana.den\www\app\code\core\Mage\Core\Controller\Varien\Router\Standard.php(250): Mage_Core_Controller_Varien_Action->dispatch('view')
#10 Z:\home\martana.den\www\app\code\core\Mage\Core\Controller\Varien\Front.php(172): Mage_Core_Controller_Varien_Router_Standard->match(Object(Mage_Core_Controller_Request_Http))
#11 Z:\home\martana.den\www\app\code\core\Mage\Core\Model\App.php(354): Mage_Core_Controller_Varien_Front->dispatch()
#12 Z:\home\martana.den\www\app\Mage.php(684): Mage_Core_Model_App->run(Array)
#13 Z:\home\martana.den\www\index.php(89): Mage::run('', 'store')
#14 {main}
2015-03-19T06:50:27+00:00 ERR (3): 
exception 'Mage_Core_Exception' with message 'Недействительный тип блока: Mage_Stovpak_Block_Customblock_Childcategories' in Z:\home\martana.den\www\app\Mage.php:595
Stack trace:
#0 Z:\home\martana.den\www\app\code\core\Mage\Core\Model\Layout.php(495): Mage::throwException('???????????????...')
#1 Z:\home\martana.den\www\app\code\core\Mage\Core\Model\Layout.php(437): Mage_Core_Model_Layout->_getBlockInstance('stovpak/customb...', Array)
#2 Z:\home\martana.den\www\app\code\core\Mage\Core\Model\Layout.php(472): Mage_Core_Model_Layout->createBlock('stovpak/customb...', 'customblock')
#3 Z:\home\martana.den\www\app\code\core\Mage\Core\Model\Layout.php(239): Mage_Core_Model_Layout->addBlock('stovpak/customb...', 'customblock')
#4 Z:\home\martana.den\www\app\code\core\Mage\Core\Model\Layout.php(205): Mage_Core_Model_Layout->_generateBlock(Object(Mage_Core_Model_Layout_Element), Object(Mage_Core_Model_Layout_Element))
#5 Z:\home\martana.den\www\app\code\core\Mage\Core\Model\Layout.php(210): Mage_Core_Model_Layout->generateBlocks(Object(Mage_Core_Model_Layout_Element))
#6 Z:\home\martana.den\www\app\code\core\Mage\Core\Controller\Varien\Action.php(344): Mage_Core_Model_Layout->generateBlocks()
#7 Z:\home\martana.den\www\app\code\core\Mage\Catalog\controllers\CategoryController.php(148): Mage_Core_Controller_Varien_Action->generateLayoutBlocks()
#8 Z:\home\martana.den\www\app\code\core\Mage\Core\Controller\Varien\Action.php(418): Mage_Catalog_CategoryController->viewAction()
#9 Z:\home\martana.den\www\app\code\core\Mage\Core\Controller\Varien\Router\Standard.php(250): Mage_Core_Controller_Varien_Action->dispatch('view')
#10 Z:\home\martana.den\www\app\code\core\Mage\Core\Controller\Varien\Front.php(172): Mage_Core_Controller_Varien_Router_Standard->match(Object(Mage_Core_Controller_Request_Http))
#11 Z:\home\martana.den\www\app\code\core\Mage\Core\Model\App.php(354): Mage_Core_Controller_Varien_Front->dispatch()
#12 Z:\home\martana.den\www\app\Mage.php(684): Mage_Core_Model_App->run(Array)
#13 Z:\home\martana.den\www\index.php(89): Mage::run('', 'store')
#14 {main}
2015-03-19T06:55:58+00:00 ERR (3): 
exception 'Mage_Core_Exception' with message 'Недействительный тип блока: Mage_Stovpak_Block_Customblock_Childcategories' in Z:\home\martana.den\www\app\Mage.php:595
Stack trace:
#0 Z:\home\martana.den\www\app\code\core\Mage\Core\Model\Layout.php(495): Mage::throwException('???????????????...')
#1 Z:\home\martana.den\www\app\code\core\Mage\Core\Model\Layout.php(437): Mage_Core_Model_Layout->_getBlockInstance('stovpak/customb...', Array)
#2 Z:\home\martana.den\www\app\code\core\Mage\Core\Model\Layout.php(472): Mage_Core_Model_Layout->createBlock('stovpak/customb...', 'customblock')
#3 Z:\home\martana.den\www\app\code\core\Mage\Core\Model\Layout.php(239): Mage_Core_Model_Layout->addBlock('stovpak/customb...', 'customblock')
#4 Z:\home\martana.den\www\app\code\core\Mage\Core\Model\Layout.php(205): Mage_Core_Model_Layout->_generateBlock(Object(Mage_Core_Model_Layout_Element), Object(Mage_Core_Model_Layout_Element))
#5 Z:\home\martana.den\www\app\code\core\Mage\Core\Model\Layout.php(210): Mage_Core_Model_Layout->generateBlocks(Object(Mage_Core_Model_Layout_Element))
#6 Z:\home\martana.den\www\app\code\core\Mage\Core\Controller\Varien\Action.php(344): Mage_Core_Model_Layout->generateBlocks()
#7 Z:\home\martana.den\www\app\code\core\Mage\Catalog\controllers\CategoryController.php(148): Mage_Core_Controller_Varien_Action->generateLayoutBlocks()
#8 Z:\home\martana.den\www\app\code\core\Mage\Core\Controller\Varien\Action.php(418): Mage_Catalog_CategoryController->viewAction()
#9 Z:\home\martana.den\www\app\code\core\Mage\Core\Controller\Varien\Router\Standard.php(250): Mage_Core_Controller_Varien_Action->dispatch('view')
#10 Z:\home\martana.den\www\app\code\core\Mage\Core\Controller\Varien\Front.php(172): Mage_Core_Controller_Varien_Router_Standard->match(Object(Mage_Core_Controller_Request_Http))
#11 Z:\home\martana.den\www\app\code\core\Mage\Core\Model\App.php(354): Mage_Core_Controller_Varien_Front->dispatch()
#12 Z:\home\martana.den\www\app\Mage.php(684): Mage_Core_Model_App->run(Array)
#13 Z:\home\martana.den\www\index.php(89): Mage::run('', 'store')
#14 {main}
2015-03-19T06:56:34+00:00 ERR (3): 
exception 'Mage_Core_Exception' with message 'Недействительный тип блока: Mage_Stovpak_Block_Customblock_Childcategories' in Z:\home\martana.den\www\app\Mage.php:595
Stack trace:
#0 Z:\home\martana.den\www\app\code\core\Mage\Core\Model\Layout.php(495): Mage::throwException('???????????????...')
#1 Z:\home\martana.den\www\app\code\core\Mage\Core\Model\Layout.php(437): Mage_Core_Model_Layout->_getBlockInstance('stovpak/customb...', Array)
#2 Z:\home\martana.den\www\app\code\core\Mage\Core\Model\Layout.php(472): Mage_Core_Model_Layout->createBlock('stovpak/customb...', 'customblock')
#3 Z:\home\martana.den\www\app\code\core\Mage\Core\Model\Layout.php(239): Mage_Core_Model_Layout->addBlock('stovpak/customb...', 'customblock')
#4 Z:\home\martana.den\www\app\code\core\Mage\Core\Model\Layout.php(205): Mage_Core_Model_Layout->_generateBlock(Object(Mage_Core_Model_Layout_Element), Object(Mage_Core_Model_Layout_Element))
#5 Z:\home\martana.den\www\app\code\core\Mage\Core\Model\Layout.php(210): Mage_Core_Model_Layout->generateBlocks(Object(Mage_Core_Model_Layout_Element))
#6 Z:\home\martana.den\www\app\code\core\Mage\Core\Controller\Varien\Action.php(344): Mage_Core_Model_Layout->generateBlocks()
#7 Z:\home\martana.den\www\app\code\core\Mage\Catalog\controllers\CategoryController.php(148): Mage_Core_Controller_Varien_Action->generateLayoutBlocks()
#8 Z:\home\martana.den\www\app\code\core\Mage\Core\Controller\Varien\Action.php(418): Mage_Catalog_CategoryController->viewAction()
#9 Z:\home\martana.den\www\app\code\core\Mage\Core\Controller\Varien\Router\Standard.php(250): Mage_Core_Controller_Varien_Action->dispatch('view')
#10 Z:\home\martana.den\www\app\code\core\Mage\Core\Controller\Varien\Front.php(172): Mage_Core_Controller_Varien_Router_Standard->match(Object(Mage_Core_Controller_Request_Http))
#11 Z:\home\martana.den\www\app\code\core\Mage\Core\Model\App.php(354): Mage_Core_Controller_Varien_Front->dispatch()
#12 Z:\home\martana.den\www\app\Mage.php(684): Mage_Core_Model_App->run(Array)
#13 Z:\home\martana.den\www\index.php(89): Mage::run('', 'store')
#14 {main}
2015-03-19T06:56:55+00:00 ERR (3): 
exception 'Mage_Core_Exception' with message 'Недействительный тип блока: Mage_Stovpak_Block_Customblock_Childcategories' in Z:\home\martana.den\www\app\Mage.php:595
Stack trace:
#0 Z:\home\martana.den\www\app\code\core\Mage\Core\Model\Layout.php(495): Mage::throwException('???????????????...')
#1 Z:\home\martana.den\www\app\code\core\Mage\Core\Model\Layout.php(437): Mage_Core_Model_Layout->_getBlockInstance('stovpak/customb...', Array)
#2 Z:\home\martana.den\www\app\code\core\Mage\Core\Model\Layout.php(472): Mage_Core_Model_Layout->createBlock('stovpak/customb...', 'customblock')
#3 Z:\home\martana.den\www\app\code\core\Mage\Core\Model\Layout.php(239): Mage_Core_Model_Layout->addBlock('stovpak/customb...', 'customblock')
#4 Z:\home\martana.den\www\app\code\core\Mage\Core\Model\Layout.php(205): Mage_Core_Model_Layout->_generateBlock(Object(Mage_Core_Model_Layout_Element), Object(Mage_Core_Model_Layout_Element))
#5 Z:\home\martana.den\www\app\code\core\Mage\Core\Model\Layout.php(210): Mage_Core_Model_Layout->generateBlocks(Object(Mage_Core_Model_Layout_Element))
#6 Z:\home\martana.den\www\app\code\core\Mage\Core\Controller\Varien\Action.php(344): Mage_Core_Model_Layout->generateBlocks()
#7 Z:\home\martana.den\www\app\code\core\Mage\Catalog\controllers\CategoryController.php(148): Mage_Core_Controller_Varien_Action->generateLayoutBlocks()
#8 Z:\home\martana.den\www\app\code\core\Mage\Core\Controller\Varien\Action.php(418): Mage_Catalog_CategoryController->viewAction()
#9 Z:\home\martana.den\www\app\code\core\Mage\Core\Controller\Varien\Router\Standard.php(250): Mage_Core_Controller_Varien_Action->dispatch('view')
#10 Z:\home\martana.den\www\app\code\core\Mage\Core\Controller\Varien\Front.php(172): Mage_Core_Controller_Varien_Router_Standard->match(Object(Mage_Core_Controller_Request_Http))
#11 Z:\home\martana.den\www\app\code\core\Mage\Core\Model\App.php(354): Mage_Core_Controller_Varien_Front->dispatch()
#12 Z:\home\martana.den\www\app\Mage.php(684): Mage_Core_Model_App->run(Array)
#13 Z:\home\martana.den\www\index.php(89): Mage::run('', 'store')
#14 {main}
2015-03-19T07:06:00+00:00 ERR (3): 
exception 'Mage_Core_Exception' with message 'Недействительный тип блока: Mage_Stovpak_Block_Customblock_Childcategories' in Z:\home\martana.den\www\app\Mage.php:595
Stack trace:
#0 Z:\home\martana.den\www\app\code\core\Mage\Core\Model\Layout.php(495): Mage::throwException('???????????????...')
#1 Z:\home\martana.den\www\app\code\core\Mage\Core\Model\Layout.php(437): Mage_Core_Model_Layout->_getBlockInstance('stovpak/customb...', Array)
#2 Z:\home\martana.den\www\app\code\core\Mage\Core\Model\Layout.php(472): Mage_Core_Model_Layout->createBlock('stovpak/customb...', 'customblock')
#3 Z:\home\martana.den\www\app\code\core\Mage\Core\Model\Layout.php(239): Mage_Core_Model_Layout->addBlock('stovpak/customb...', 'customblock')
#4 Z:\home\martana.den\www\app\code\core\Mage\Core\Model\Layout.php(205): Mage_Core_Model_Layout->_generateBlock(Object(Mage_Core_Model_Layout_Element), Object(Mage_Core_Model_Layout_Element))
#5 Z:\home\martana.den\www\app\code\core\Mage\Core\Model\Layout.php(210): Mage_Core_Model_Layout->generateBlocks(Object(Mage_Core_Model_Layout_Element))
#6 Z:\home\martana.den\www\app\code\core\Mage\Core\Controller\Varien\Action.php(344): Mage_Core_Model_Layout->generateBlocks()
#7 Z:\home\martana.den\www\app\code\core\Mage\Catalog\controllers\CategoryController.php(148): Mage_Core_Controller_Varien_Action->generateLayoutBlocks()
#8 Z:\home\martana.den\www\app\code\core\Mage\Core\Controller\Varien\Action.php(418): Mage_Catalog_CategoryController->viewAction()
#9 Z:\home\martana.den\www\app\code\core\Mage\Core\Controller\Varien\Router\Standard.php(250): Mage_Core_Controller_Varien_Action->dispatch('view')
#10 Z:\home\martana.den\www\app\code\core\Mage\Core\Controller\Varien\Front.php(172): Mage_Core_Controller_Varien_Router_Standard->match(Object(Mage_Core_Controller_Request_Http))
#11 Z:\home\martana.den\www\app\code\core\Mage\Core\Model\App.php(354): Mage_Core_Controller_Varien_Front->dispatch()
#12 Z:\home\martana.den\www\app\Mage.php(684): Mage_Core_Model_App->run(Array)
#13 Z:\home\martana.den\www\index.php(89): Mage::run('', 'store')
#14 {main}
2015-03-19T07:08:48+00:00 ERR (3): 
exception 'Mage_Core_Exception' with message 'Недействительный тип блока: Mage_Stovpak_Block_Customblock_Childcategories' in Z:\home\martana.den\www\app\Mage.php:595
Stack trace:
#0 Z:\home\martana.den\www\app\code\core\Mage\Core\Model\Layout.php(495): Mage::throwException('???????????????...')
#1 Z:\home\martana.den\www\app\code\core\Mage\Core\Model\Layout.php(437): Mage_Core_Model_Layout->_getBlockInstance('stovpak/customb...', Array)
#2 Z:\home\martana.den\www\app\code\core\Mage\Core\Model\Layout.php(472): Mage_Core_Model_Layout->createBlock('stovpak/customb...', 'customblock')
#3 Z:\home\martana.den\www\app\code\core\Mage\Core\Model\Layout.php(239): Mage_Core_Model_Layout->addBlock('stovpak/customb...', 'customblock')
#4 Z:\home\martana.den\www\app\code\core\Mage\Core\Model\Layout.php(205): Mage_Core_Model_Layout->_generateBlock(Object(Mage_Core_Model_Layout_Element), Object(Mage_Core_Model_Layout_Element))
#5 Z:\home\martana.den\www\app\code\core\Mage\Core\Model\Layout.php(210): Mage_Core_Model_Layout->generateBlocks(Object(Mage_Core_Model_Layout_Element))
#6 Z:\home\martana.den\www\app\code\core\Mage\Core\Controller\Varien\Action.php(344): Mage_Core_Model_Layout->generateBlocks()
#7 Z:\home\martana.den\www\app\code\core\Mage\Catalog\controllers\CategoryController.php(148): Mage_Core_Controller_Varien_Action->generateLayoutBlocks()
#8 Z:\home\martana.den\www\app\code\core\Mage\Core\Controller\Varien\Action.php(418): Mage_Catalog_CategoryController->viewAction()
#9 Z:\home\martana.den\www\app\code\core\Mage\Core\Controller\Varien\Router\Standard.php(250): Mage_Core_Controller_Varien_Action->dispatch('view')
#10 Z:\home\martana.den\www\app\code\core\Mage\Core\Controller\Varien\Front.php(172): Mage_Core_Controller_Varien_Router_Standard->match(Object(Mage_Core_Controller_Request_Http))
#11 Z:\home\martana.den\www\app\code\core\Mage\Core\Model\App.php(354): Mage_Core_Controller_Varien_Front->dispatch()
#12 Z:\home\martana.den\www\app\Mage.php(684): Mage_Core_Model_App->run(Array)
#13 Z:\home\martana.den\www\index.php(89): Mage::run('', 'store')
#14 {main}
2015-03-19T07:09:29+00:00 ERR (3): 
exception 'Mage_Core_Exception' with message 'Недействительный тип блока: Mage_Stovpak_Block_Customblock_Childcategories' in Z:\home\martana.den\www\app\Mage.php:595
Stack trace:
#0 Z:\home\martana.den\www\app\code\core\Mage\Core\Model\Layout.php(495): Mage::throwException('???????????????...')
#1 Z:\home\martana.den\www\app\code\core\Mage\Core\Model\Layout.php(437): Mage_Core_Model_Layout->_getBlockInstance('stovpak/customb...', Array)
#2 Z:\home\martana.den\www\app\code\core\Mage\Core\Model\Layout.php(472): Mage_Core_Model_Layout->createBlock('stovpak/customb...', 'customblock')
#3 Z:\home\martana.den\www\app\code\core\Mage\Core\Model\Layout.php(239): Mage_Core_Model_Layout->addBlock('stovpak/customb...', 'customblock')
#4 Z:\home\martana.den\www\app\code\core\Mage\Core\Model\Layout.php(205): Mage_Core_Model_Layout->_generateBlock(Object(Mage_Core_Model_Layout_Element), Object(Mage_Core_Model_Layout_Element))
#5 Z:\home\martana.den\www\app\code\core\Mage\Core\Model\Layout.php(210): Mage_Core_Model_Layout->generateBlocks(Object(Mage_Core_Model_Layout_Element))
#6 Z:\home\martana.den\www\app\code\core\Mage\Core\Controller\Varien\Action.php(344): Mage_Core_Model_Layout->generateBlocks()
#7 Z:\home\martana.den\www\app\code\core\Mage\Catalog\controllers\CategoryController.php(148): Mage_Core_Controller_Varien_Action->generateLayoutBlocks()
#8 Z:\home\martana.den\www\app\code\core\Mage\Core\Controller\Varien\Action.php(418): Mage_Catalog_CategoryController->viewAction()
#9 Z:\home\martana.den\www\app\code\core\Mage\Core\Controller\Varien\Router\Standard.php(250): Mage_Core_Controller_Varien_Action->dispatch('view')
#10 Z:\home\martana.den\www\app\code\core\Mage\Core\Controller\Varien\Front.php(172): Mage_Core_Controller_Varien_Router_Standard->match(Object(Mage_Core_Controller_Request_Http))
#11 Z:\home\martana.den\www\app\code\core\Mage\Core\Model\App.php(354): Mage_Core_Controller_Varien_Front->dispatch()
#12 Z:\home\martana.den\www\app\Mage.php(684): Mage_Core_Model_App->run(Array)
#13 Z:\home\martana.den\www\index.php(89): Mage::run('', 'store')
#14 {main}
2015-03-19T07:11:25+00:00 ERR (3): 
exception 'Mage_Core_Exception' with message 'Недействительный тип блока: Mage_Stovpak_Block_Customblock_Childcategories' in Z:\home\martana.den\www\app\Mage.php:595
Stack trace:
#0 Z:\home\martana.den\www\app\code\core\Mage\Core\Model\Layout.php(495): Mage::throwException('???????????????...')
#1 Z:\home\martana.den\www\app\code\core\Mage\Core\Model\Layout.php(437): Mage_Core_Model_Layout->_getBlockInstance('stovpak/customb...', Array)
#2 Z:\home\martana.den\www\app\code\core\Mage\Core\Model\Layout.php(472): Mage_Core_Model_Layout->createBlock('stovpak/customb...', 'customblock')
#3 Z:\home\martana.den\www\app\code\core\Mage\Core\Model\Layout.php(239): Mage_Core_Model_Layout->addBlock('stovpak/customb...', 'customblock')
#4 Z:\home\martana.den\www\app\code\core\Mage\Core\Model\Layout.php(205): Mage_Core_Model_Layout->_generateBlock(Object(Mage_Core_Model_Layout_Element), Object(Mage_Core_Model_Layout_Element))
#5 Z:\home\martana.den\www\app\code\core\Mage\Core\Model\Layout.php(210): Mage_Core_Model_Layout->generateBlocks(Object(Mage_Core_Model_Layout_Element))
#6 Z:\home\martana.den\www\app\code\core\Mage\Core\Controller\Varien\Action.php(344): Mage_Core_Model_Layout->generateBlocks()
#7 Z:\home\martana.den\www\app\code\core\Mage\Catalog\controllers\CategoryController.php(148): Mage_Core_Controller_Varien_Action->generateLayoutBlocks()
#8 Z:\home\martana.den\www\app\code\core\Mage\Core\Controller\Varien\Action.php(418): Mage_Catalog_CategoryController->viewAction()
#9 Z:\home\martana.den\www\app\code\core\Mage\Core\Controller\Varien\Router\Standard.php(250): Mage_Core_Controller_Varien_Action->dispatch('view')
#10 Z:\home\martana.den\www\app\code\core\Mage\Core\Controller\Varien\Front.php(172): Mage_Core_Controller_Varien_Router_Standard->match(Object(Mage_Core_Controller_Request_Http))
#11 Z:\home\martana.den\www\app\code\core\Mage\Core\Model\App.php(354): Mage_Core_Controller_Varien_Front->dispatch()
#12 Z:\home\martana.den\www\app\Mage.php(684): Mage_Core_Model_App->run(Array)
#13 Z:\home\martana.den\www\index.php(89): Mage::run('', 'store')
#14 {main}
