2015-02-10T16:02:14+00:00 CRIT (2): Not valid template file:frontend\base\default\template\stovpak/services.phtml
2015-04-02T08:05:39+00:00 DEBUG (7): HEADERS ALREADY SENT: <pre>[0] Z:\home\martana.den\www\app\code\core\Mage\Core\Controller\Response\Http.php:52
[1] Z:\home\martana.den\www\lib\Zend\Controller\Response\Abstract.php:768
[2] Z:\home\martana.den\www\app\code\core\Mage\Core\Controller\Response\Http.php:84
[3] Z:\home\martana.den\www\app\code\core\Mage\Core\Controller\Varien\Front.php:184
[4] Z:\home\martana.den\www\app\code\core\Mage\Core\Model\App.php:354
[5] Z:\home\martana.den\www\app\Mage.php:684
[6] Z:\home\martana.den\www\index.php:89
</pre>
2015-07-09T18:25:42+00:00 DEBUG (7): HEADERS ALREADY SENT: <pre>[0] Z:\home\martana.den\www\app\code\core\Mage\Core\Controller\Response\Http.php:52
[1] Z:\home\martana.den\www\lib\Zend\Controller\Response\Abstract.php:768
[2] Z:\home\martana.den\www\app\code\core\Mage\Core\Controller\Response\Http.php:84
[3] Z:\home\martana.den\www\app\code\core\Mage\Core\Controller\Varien\Front.php:184
[4] Z:\home\martana.den\www\app\code\core\Mage\Core\Model\App.php:354
[5] Z:\home\martana.den\www\app\Mage.php:684
[6] Z:\home\martana.den\www\index.php:89
</pre>
2015-07-09T18:26:00+00:00 DEBUG (7): HEADERS ALREADY SENT: <pre>[0] Z:\home\martana.den\www\app\code\core\Mage\Core\Controller\Response\Http.php:52
[1] Z:\home\martana.den\www\lib\Zend\Controller\Response\Abstract.php:768
[2] Z:\home\martana.den\www\app\code\core\Mage\Core\Controller\Response\Http.php:84
[3] Z:\home\martana.den\www\app\code\core\Mage\Core\Controller\Varien\Front.php:184
[4] Z:\home\martana.den\www\app\code\core\Mage\Core\Model\App.php:354
[5] Z:\home\martana.den\www\app\Mage.php:684
[6] Z:\home\martana.den\www\index.php:89
</pre>
2015-07-09T18:26:20+00:00 DEBUG (7): HEADERS ALREADY SENT: <pre>[0] Z:\home\martana.den\www\app\code\core\Mage\Core\Controller\Response\Http.php:52
[1] Z:\home\martana.den\www\lib\Zend\Controller\Response\Abstract.php:768
[2] Z:\home\martana.den\www\app\code\core\Mage\Core\Controller\Response\Http.php:84
[3] Z:\home\martana.den\www\app\code\core\Mage\Core\Controller\Varien\Front.php:184
[4] Z:\home\martana.den\www\app\code\core\Mage\Core\Model\App.php:354
[5] Z:\home\martana.den\www\app\Mage.php:684
[6] Z:\home\martana.den\www\index.php:89
</pre>
2015-07-09T18:28:07+00:00 DEBUG (7): HEADERS ALREADY SENT: <pre>[0] Z:\home\martana.den\www\app\code\core\Mage\Core\Controller\Response\Http.php:52
[1] Z:\home\martana.den\www\lib\Zend\Controller\Response\Abstract.php:768
[2] Z:\home\martana.den\www\app\code\core\Mage\Core\Controller\Response\Http.php:84
[3] Z:\home\martana.den\www\app\code\core\Mage\Core\Controller\Varien\Front.php:184
[4] Z:\home\martana.den\www\app\code\core\Mage\Core\Model\App.php:354
[5] Z:\home\martana.den\www\app\Mage.php:684
[6] Z:\home\martana.den\www\index.php:89
</pre>
2015-07-09T18:28:25+00:00 DEBUG (7): HEADERS ALREADY SENT: <pre>[0] Z:\home\martana.den\www\app\code\core\Mage\Core\Controller\Response\Http.php:52
[1] Z:\home\martana.den\www\lib\Zend\Controller\Response\Abstract.php:768
[2] Z:\home\martana.den\www\app\code\core\Mage\Core\Controller\Response\Http.php:84
[3] Z:\home\martana.den\www\app\code\core\Mage\Core\Controller\Varien\Front.php:184
[4] Z:\home\martana.den\www\app\code\core\Mage\Core\Model\App.php:354
[5] Z:\home\martana.den\www\app\Mage.php:684
[6] Z:\home\martana.den\www\index.php:89
</pre>
2015-07-09T18:28:55+00:00 DEBUG (7): HEADERS ALREADY SENT: <pre>[0] Z:\home\martana.den\www\app\code\core\Mage\Core\Controller\Response\Http.php:52
[1] Z:\home\martana.den\www\lib\Zend\Controller\Response\Abstract.php:768
[2] Z:\home\martana.den\www\app\code\core\Mage\Core\Controller\Response\Http.php:84
[3] Z:\home\martana.den\www\app\code\core\Mage\Core\Controller\Varien\Front.php:184
[4] Z:\home\martana.den\www\app\code\core\Mage\Core\Model\App.php:354
[5] Z:\home\martana.den\www\app\Mage.php:684
[6] Z:\home\martana.den\www\index.php:89
</pre>
2015-07-09T18:29:36+00:00 DEBUG (7): HEADERS ALREADY SENT: <pre>[0] Z:\home\martana.den\www\app\code\core\Mage\Core\Controller\Response\Http.php:52
[1] Z:\home\martana.den\www\lib\Zend\Controller\Response\Abstract.php:768
[2] Z:\home\martana.den\www\app\code\core\Mage\Core\Controller\Response\Http.php:84
[3] Z:\home\martana.den\www\app\code\core\Mage\Core\Controller\Varien\Front.php:184
[4] Z:\home\martana.den\www\app\code\core\Mage\Core\Model\App.php:354
[5] Z:\home\martana.den\www\app\Mage.php:684
[6] Z:\home\martana.den\www\index.php:89
</pre>
2015-07-09T18:29:42+00:00 DEBUG (7): HEADERS ALREADY SENT: <pre>[0] Z:\home\martana.den\www\app\code\core\Mage\Core\Controller\Response\Http.php:52
[1] Z:\home\martana.den\www\lib\Zend\Controller\Response\Abstract.php:768
[2] Z:\home\martana.den\www\app\code\core\Mage\Core\Controller\Response\Http.php:84
[3] Z:\home\martana.den\www\app\code\core\Mage\Core\Controller\Varien\Front.php:184
[4] Z:\home\martana.den\www\app\code\core\Mage\Core\Model\App.php:354
[5] Z:\home\martana.den\www\app\Mage.php:684
[6] Z:\home\martana.den\www\index.php:89
</pre>
2015-07-09T18:32:18+00:00 DEBUG (7): HEADERS ALREADY SENT: <pre>[0] Z:\home\martana.den\www\app\code\core\Mage\Core\Controller\Response\Http.php:52
[1] Z:\home\martana.den\www\lib\Zend\Controller\Response\Abstract.php:768
[2] Z:\home\martana.den\www\app\code\core\Mage\Core\Controller\Response\Http.php:84
[3] Z:\home\martana.den\www\app\code\core\Mage\Core\Controller\Varien\Front.php:184
[4] Z:\home\martana.den\www\app\code\core\Mage\Core\Model\App.php:354
[5] Z:\home\martana.den\www\app\Mage.php:684
[6] Z:\home\martana.den\www\index.php:89
</pre>
2015-07-19T17:24:50+00:00 ERR (3): Warning: include(Mage\Userroles\Model\Eav\Entity\Attribute\Source\Customeroptions14243562240.php) [<a href='function.include'>function.include</a>]: failed to open stream: No such file or directory  in Z:\home\martana.den\www\lib\Varien\Autoload.php on line 94
2015-07-19T17:24:50+00:00 ERR (3): Warning: include() [<a href='function.include'>function.include</a>]: Failed opening 'Mage\Userroles\Model\Eav\Entity\Attribute\Source\Customeroptions14243562240.php' for inclusion (include_path='Z:\home\martana.den\www\app\code\local;Z:\home\martana.den\www\app\code\community;Z:\home\martana.den\www\app\code\core;Z:\home\martana.den\www\lib;.;C:\php\pear')  in Z:\home\martana.den\www\lib\Varien\Autoload.php on line 94
2015-07-19T17:29:19+00:00 ERR (3): Warning: include(Mage\Userroles\Model\Eav\Entity\Attribute\Source\Customeroptions14243562240.php) [<a href='function.include'>function.include</a>]: failed to open stream: No such file or directory  in Z:\home\martana.den\www\lib\Varien\Autoload.php on line 94
2015-07-19T17:29:19+00:00 ERR (3): Warning: include() [<a href='function.include'>function.include</a>]: Failed opening 'Mage\Userroles\Model\Eav\Entity\Attribute\Source\Customeroptions14243562240.php' for inclusion (include_path='Z:\home\martana.den\www\app\code\local;Z:\home\martana.den\www\app\code\community;Z:\home\martana.den\www\app\code\core;Z:\home\martana.den\www\lib;.;C:\php\pear')  in Z:\home\martana.den\www\lib\Varien\Autoload.php on line 94
2015-07-19T17:30:55+00:00 ERR (3): Warning: include(Mage\Userroles\Model\Eav\Entity\Attribute\Source\Customeroptions14243562240.php) [<a href='function.include'>function.include</a>]: failed to open stream: No such file or directory  in Z:\home\martana.den\www\lib\Varien\Autoload.php on line 94
2015-07-19T17:30:55+00:00 ERR (3): Warning: include() [<a href='function.include'>function.include</a>]: Failed opening 'Mage\Userroles\Model\Eav\Entity\Attribute\Source\Customeroptions14243562240.php' for inclusion (include_path='Z:\home\martana.den\www\app\code\local;Z:\home\martana.den\www\app\code\community;Z:\home\martana.den\www\app\code\core;Z:\home\martana.den\www\lib;.;C:\php\pear')  in Z:\home\martana.den\www\lib\Varien\Autoload.php on line 94
2015-07-19T17:41:07+00:00 ERR (3): Warning: include(Mage\Userroles\Model\Eav\Entity\Attribute\Source\Customeroptions14243562240.php) [<a href='function.include'>function.include</a>]: failed to open stream: No such file or directory  in Z:\home\martana.den\www\lib\Varien\Autoload.php on line 94
2015-07-19T17:41:07+00:00 ERR (3): Warning: include() [<a href='function.include'>function.include</a>]: Failed opening 'Mage\Userroles\Model\Eav\Entity\Attribute\Source\Customeroptions14243562240.php' for inclusion (include_path='Z:\home\martana.den\www\app\code\local;Z:\home\martana.den\www\app\code\community;Z:\home\martana.den\www\app\code\core;Z:\home\martana.den\www\lib;.;C:\php\pear')  in Z:\home\martana.den\www\lib\Varien\Autoload.php on line 94
2015-07-19T18:15:15+00:00 ERR (3): Warning: include(Mage\Userroles\Model\Eav\Entity\Attribute\Source\Customeroptions14243562240.php) [<a href='function.include'>function.include</a>]: failed to open stream: No such file or directory  in Z:\home\martana.den\www\lib\Varien\Autoload.php on line 94
2015-07-19T18:15:15+00:00 ERR (3): Warning: include() [<a href='function.include'>function.include</a>]: Failed opening 'Mage\Userroles\Model\Eav\Entity\Attribute\Source\Customeroptions14243562240.php' for inclusion (include_path='Z:\home\martana.den\www\app\code\local;Z:\home\martana.den\www\app\code\community;Z:\home\martana.den\www\app\code\core;Z:\home\martana.den\www\lib;.;C:\php\pear')  in Z:\home\martana.den\www\lib\Varien\Autoload.php on line 94
2015-07-19T18:17:58+00:00 ERR (3): Warning: include(Mage\Userroles\Model\Eav\Entity\Attribute\Source\Customeroptions14243562240.php) [<a href='function.include'>function.include</a>]: failed to open stream: No such file or directory  in Z:\home\martana.den\www\lib\Varien\Autoload.php on line 94
2015-07-19T18:17:58+00:00 ERR (3): Warning: include() [<a href='function.include'>function.include</a>]: Failed opening 'Mage\Userroles\Model\Eav\Entity\Attribute\Source\Customeroptions14243562240.php' for inclusion (include_path='Z:\home\martana.den\www\app\code\local;Z:\home\martana.den\www\app\code\community;Z:\home\martana.den\www\app\code\core;Z:\home\martana.den\www\lib;.;C:\php\pear')  in Z:\home\martana.den\www\lib\Varien\Autoload.php on line 94
2015-07-19T18:23:32+00:00 ERR (3): Warning: include(Z:\home\martana.den\www\includes\src\Mage_Userroles_Model_Eav_Entity_Attribute_Source_Customeroptions14243562240.php) [<a href='function.include'>function.include</a>]: failed to open stream: No such file or directory  in Z:\home\martana.den\www\includes\src\Varien_Autoload.php on line 94
2015-07-19T18:23:32+00:00 ERR (3): Warning: include() [<a href='function.include'>function.include</a>]: Failed opening 'Z:\home\martana.den\www\includes\src\Mage_Userroles_Model_Eav_Entity_Attribute_Source_Customeroptions14243562240.php' for inclusion (include_path='Z:\home\martana.den\www\includes\src;.;C:\php\pear')  in Z:\home\martana.den\www\includes\src\Varien_Autoload.php on line 94
2015-07-26T16:32:12+00:00 ERR (3): Warning: simplexml_load_string() [<a href='function.simplexml-load-string'>function.simplexml-load-string</a>]: Entity: line 192: parser error : StartTag: invalid element name  in Z:\home\martana.den\www\app\code\core\Mage\Core\Model\Layout\Update.php on line 450
2015-07-26T16:32:12+00:00 ERR (3): Warning: simplexml_load_string() [<a href='function.simplexml-load-string'>function.simplexml-load-string</a>]:                 &lt;&lt;action method=&quot;addReviewSummaryTemplate&quot;&gt;&lt;type&gt;default&lt;/type&gt;&lt;  in Z:\home\martana.den\www\app\code\core\Mage\Core\Model\Layout\Update.php on line 450
2015-07-26T16:32:12+00:00 ERR (3): Warning: simplexml_load_string() [<a href='function.simplexml-load-string'>function.simplexml-load-string</a>]:                  ^  in Z:\home\martana.den\www\app\code\core\Mage\Core\Model\Layout\Update.php on line 450
2015-07-26T17:23:36+00:00 ERR (3): Warning: simplexml_load_string() [<a href='function.simplexml-load-string'>function.simplexml-load-string</a>]: Entity: line 197: parser error : Opening and ending tag mismatch: reference line 189 and block  in Z:\home\martana.den\www\app\code\core\Mage\Core\Model\Layout\Update.php on line 450
2015-07-26T17:23:36+00:00 ERR (3): Warning: simplexml_load_string() [<a href='function.simplexml-load-string'>function.simplexml-load-string</a>]:        &lt;/block&gt;  in Z:\home\martana.den\www\app\code\core\Mage\Core\Model\Layout\Update.php on line 450
2015-07-26T17:23:36+00:00 ERR (3): Warning: simplexml_load_string() [<a href='function.simplexml-load-string'>function.simplexml-load-string</a>]:                ^  in Z:\home\martana.den\www\app\code\core\Mage\Core\Model\Layout\Update.php on line 450
2015-07-26T17:23:36+00:00 ERR (3): Warning: simplexml_load_string() [<a href='function.simplexml-load-string'>function.simplexml-load-string</a>]: Entity: line 199: parser error : Opening and ending tag mismatch: catalog_product_view line 185 and reference  in Z:\home\martana.den\www\app\code\core\Mage\Core\Model\Layout\Update.php on line 450
2015-07-26T17:23:36+00:00 ERR (3): Warning: simplexml_load_string() [<a href='function.simplexml-load-string'>function.simplexml-load-string</a>]:      &lt;/reference&gt;  in Z:\home\martana.den\www\app\code\core\Mage\Core\Model\Layout\Update.php on line 450
2015-07-26T17:23:36+00:00 ERR (3): Warning: simplexml_load_string() [<a href='function.simplexml-load-string'>function.simplexml-load-string</a>]:                  ^  in Z:\home\martana.den\www\app\code\core\Mage\Core\Model\Layout\Update.php on line 450
2015-07-26T17:23:36+00:00 ERR (3): Warning: simplexml_load_string() [<a href='function.simplexml-load-string'>function.simplexml-load-string</a>]: Entity: line 200: parser error : Opening and ending tag mismatch: layout line 1 and catalog_product_view  in Z:\home\martana.den\www\app\code\core\Mage\Core\Model\Layout\Update.php on line 450
2015-07-26T17:23:36+00:00 ERR (3): Warning: simplexml_load_string() [<a href='function.simplexml-load-string'>function.simplexml-load-string</a>]:      &lt;/catalog_product_view&gt;  in Z:\home\martana.den\www\app\code\core\Mage\Core\Model\Layout\Update.php on line 450
2015-07-26T17:23:36+00:00 ERR (3): Warning: simplexml_load_string() [<a href='function.simplexml-load-string'>function.simplexml-load-string</a>]:                             ^  in Z:\home\martana.den\www\app\code\core\Mage\Core\Model\Layout\Update.php on line 450
2015-07-26T17:23:36+00:00 ERR (3): Warning: simplexml_load_string() [<a href='function.simplexml-load-string'>function.simplexml-load-string</a>]: Entity: line 201: parser error : Extra content at the end of the document  in Z:\home\martana.den\www\app\code\core\Mage\Core\Model\Layout\Update.php on line 450
2015-07-26T17:23:36+00:00 ERR (3): Warning: simplexml_load_string() [<a href='function.simplexml-load-string'>function.simplexml-load-string</a>]: &lt;/layout&gt;   in Z:\home\martana.den\www\app\code\core\Mage\Core\Model\Layout\Update.php on line 450
2015-07-26T17:23:36+00:00 ERR (3): Warning: simplexml_load_string() [<a href='function.simplexml-load-string'>function.simplexml-load-string</a>]: ^  in Z:\home\martana.den\www\app\code\core\Mage\Core\Model\Layout\Update.php on line 450
2015-07-26T17:23:58+00:00 ERR (3): Warning: simplexml_load_string() [<a href='function.simplexml-load-string'>function.simplexml-load-string</a>]: Entity: line 197: parser error : Opening and ending tag mismatch: reference line 189 and block  in Z:\home\martana.den\www\app\code\core\Mage\Core\Model\Layout\Update.php on line 450
2015-07-26T17:23:58+00:00 ERR (3): Warning: simplexml_load_string() [<a href='function.simplexml-load-string'>function.simplexml-load-string</a>]:        &lt;/block&gt;  in Z:\home\martana.den\www\app\code\core\Mage\Core\Model\Layout\Update.php on line 450
2015-07-26T17:23:58+00:00 ERR (3): Warning: simplexml_load_string() [<a href='function.simplexml-load-string'>function.simplexml-load-string</a>]:                ^  in Z:\home\martana.den\www\app\code\core\Mage\Core\Model\Layout\Update.php on line 450
2015-07-26T17:23:58+00:00 ERR (3): Warning: simplexml_load_string() [<a href='function.simplexml-load-string'>function.simplexml-load-string</a>]: Entity: line 199: parser error : Opening and ending tag mismatch: catalog_product_view line 185 and reference  in Z:\home\martana.den\www\app\code\core\Mage\Core\Model\Layout\Update.php on line 450
2015-07-26T17:23:58+00:00 ERR (3): Warning: simplexml_load_string() [<a href='function.simplexml-load-string'>function.simplexml-load-string</a>]:      &lt;/reference&gt;  in Z:\home\martana.den\www\app\code\core\Mage\Core\Model\Layout\Update.php on line 450
2015-07-26T17:23:58+00:00 ERR (3): Warning: simplexml_load_string() [<a href='function.simplexml-load-string'>function.simplexml-load-string</a>]:                  ^  in Z:\home\martana.den\www\app\code\core\Mage\Core\Model\Layout\Update.php on line 450
2015-07-26T17:23:58+00:00 ERR (3): Warning: simplexml_load_string() [<a href='function.simplexml-load-string'>function.simplexml-load-string</a>]: Entity: line 200: parser error : Opening and ending tag mismatch: layout line 1 and catalog_product_view  in Z:\home\martana.den\www\app\code\core\Mage\Core\Model\Layout\Update.php on line 450
2015-07-26T17:23:58+00:00 ERR (3): Warning: simplexml_load_string() [<a href='function.simplexml-load-string'>function.simplexml-load-string</a>]:      &lt;/catalog_product_view&gt;  in Z:\home\martana.den\www\app\code\core\Mage\Core\Model\Layout\Update.php on line 450
2015-07-26T17:23:58+00:00 ERR (3): Warning: simplexml_load_string() [<a href='function.simplexml-load-string'>function.simplexml-load-string</a>]:                             ^  in Z:\home\martana.den\www\app\code\core\Mage\Core\Model\Layout\Update.php on line 450
2015-07-26T17:23:58+00:00 ERR (3): Warning: simplexml_load_string() [<a href='function.simplexml-load-string'>function.simplexml-load-string</a>]: Entity: line 201: parser error : Extra content at the end of the document  in Z:\home\martana.den\www\app\code\core\Mage\Core\Model\Layout\Update.php on line 450
2015-07-26T17:23:58+00:00 ERR (3): Warning: simplexml_load_string() [<a href='function.simplexml-load-string'>function.simplexml-load-string</a>]: &lt;/layout&gt;   in Z:\home\martana.den\www\app\code\core\Mage\Core\Model\Layout\Update.php on line 450
2015-07-26T17:23:58+00:00 ERR (3): Warning: simplexml_load_string() [<a href='function.simplexml-load-string'>function.simplexml-load-string</a>]: ^  in Z:\home\martana.den\www\app\code\core\Mage\Core\Model\Layout\Update.php on line 450
2015-07-26T17:24:44+00:00 ERR (3): Warning: simplexml_load_string() [<a href='function.simplexml-load-string'>function.simplexml-load-string</a>]: Entity: line 197: parser error : Opening and ending tag mismatch: reference line 189 and block  in Z:\home\martana.den\www\app\code\core\Mage\Core\Model\Layout\Update.php on line 450
2015-07-26T17:24:44+00:00 ERR (3): Warning: simplexml_load_string() [<a href='function.simplexml-load-string'>function.simplexml-load-string</a>]:        &lt;/block&gt;  in Z:\home\martana.den\www\app\code\core\Mage\Core\Model\Layout\Update.php on line 450
2015-07-26T17:24:44+00:00 ERR (3): Warning: simplexml_load_string() [<a href='function.simplexml-load-string'>function.simplexml-load-string</a>]:                ^  in Z:\home\martana.den\www\app\code\core\Mage\Core\Model\Layout\Update.php on line 450
2015-07-26T17:24:44+00:00 ERR (3): Warning: simplexml_load_string() [<a href='function.simplexml-load-string'>function.simplexml-load-string</a>]: Entity: line 199: parser error : Opening and ending tag mismatch: catalog_product_view line 185 and reference  in Z:\home\martana.den\www\app\code\core\Mage\Core\Model\Layout\Update.php on line 450
2015-07-26T17:24:44+00:00 ERR (3): Warning: simplexml_load_string() [<a href='function.simplexml-load-string'>function.simplexml-load-string</a>]:      &lt;/reference&gt;  in Z:\home\martana.den\www\app\code\core\Mage\Core\Model\Layout\Update.php on line 450
2015-07-26T17:24:44+00:00 ERR (3): Warning: simplexml_load_string() [<a href='function.simplexml-load-string'>function.simplexml-load-string</a>]:                  ^  in Z:\home\martana.den\www\app\code\core\Mage\Core\Model\Layout\Update.php on line 450
2015-07-26T17:24:44+00:00 ERR (3): Warning: simplexml_load_string() [<a href='function.simplexml-load-string'>function.simplexml-load-string</a>]: Entity: line 200: parser error : Opening and ending tag mismatch: layout line 1 and catalog_product_view  in Z:\home\martana.den\www\app\code\core\Mage\Core\Model\Layout\Update.php on line 450
2015-07-26T17:24:44+00:00 ERR (3): Warning: simplexml_load_string() [<a href='function.simplexml-load-string'>function.simplexml-load-string</a>]:      &lt;/catalog_product_view&gt;  in Z:\home\martana.den\www\app\code\core\Mage\Core\Model\Layout\Update.php on line 450
2015-07-26T17:24:44+00:00 ERR (3): Warning: simplexml_load_string() [<a href='function.simplexml-load-string'>function.simplexml-load-string</a>]:                             ^  in Z:\home\martana.den\www\app\code\core\Mage\Core\Model\Layout\Update.php on line 450
2015-07-26T17:24:44+00:00 ERR (3): Warning: simplexml_load_string() [<a href='function.simplexml-load-string'>function.simplexml-load-string</a>]: Entity: line 201: parser error : Extra content at the end of the document  in Z:\home\martana.den\www\app\code\core\Mage\Core\Model\Layout\Update.php on line 450
2015-07-26T17:24:44+00:00 ERR (3): Warning: simplexml_load_string() [<a href='function.simplexml-load-string'>function.simplexml-load-string</a>]: &lt;/layout&gt;   in Z:\home\martana.den\www\app\code\core\Mage\Core\Model\Layout\Update.php on line 450
2015-07-26T17:24:44+00:00 ERR (3): Warning: simplexml_load_string() [<a href='function.simplexml-load-string'>function.simplexml-load-string</a>]: ^  in Z:\home\martana.den\www\app\code\core\Mage\Core\Model\Layout\Update.php on line 450
2015-07-26T17:25:08+00:00 ERR (3): Warning: simplexml_load_string() [<a href='function.simplexml-load-string'>function.simplexml-load-string</a>]: Entity: line 197: parser error : Opening and ending tag mismatch: reference line 189 and block  in Z:\home\martana.den\www\app\code\core\Mage\Core\Model\Layout\Update.php on line 450
2015-07-26T17:25:08+00:00 ERR (3): Warning: simplexml_load_string() [<a href='function.simplexml-load-string'>function.simplexml-load-string</a>]:        &lt;/block&gt;  in Z:\home\martana.den\www\app\code\core\Mage\Core\Model\Layout\Update.php on line 450
2015-07-26T17:25:08+00:00 ERR (3): Warning: simplexml_load_string() [<a href='function.simplexml-load-string'>function.simplexml-load-string</a>]:                ^  in Z:\home\martana.den\www\app\code\core\Mage\Core\Model\Layout\Update.php on line 450
2015-07-26T17:25:08+00:00 ERR (3): Warning: simplexml_load_string() [<a href='function.simplexml-load-string'>function.simplexml-load-string</a>]: Entity: line 199: parser error : Opening and ending tag mismatch: catalog_product_view line 185 and reference  in Z:\home\martana.den\www\app\code\core\Mage\Core\Model\Layout\Update.php on line 450
2015-07-26T17:25:08+00:00 ERR (3): Warning: simplexml_load_string() [<a href='function.simplexml-load-string'>function.simplexml-load-string</a>]:      &lt;/reference&gt;  in Z:\home\martana.den\www\app\code\core\Mage\Core\Model\Layout\Update.php on line 450
2015-07-26T17:25:08+00:00 ERR (3): Warning: simplexml_load_string() [<a href='function.simplexml-load-string'>function.simplexml-load-string</a>]:                  ^  in Z:\home\martana.den\www\app\code\core\Mage\Core\Model\Layout\Update.php on line 450
2015-07-26T17:25:08+00:00 ERR (3): Warning: simplexml_load_string() [<a href='function.simplexml-load-string'>function.simplexml-load-string</a>]: Entity: line 200: parser error : Opening and ending tag mismatch: layout line 1 and catalog_product_view  in Z:\home\martana.den\www\app\code\core\Mage\Core\Model\Layout\Update.php on line 450
2015-07-26T17:25:08+00:00 ERR (3): Warning: simplexml_load_string() [<a href='function.simplexml-load-string'>function.simplexml-load-string</a>]:      &lt;/catalog_product_view&gt;  in Z:\home\martana.den\www\app\code\core\Mage\Core\Model\Layout\Update.php on line 450
2015-07-26T17:25:08+00:00 ERR (3): Warning: simplexml_load_string() [<a href='function.simplexml-load-string'>function.simplexml-load-string</a>]:                             ^  in Z:\home\martana.den\www\app\code\core\Mage\Core\Model\Layout\Update.php on line 450
2015-07-26T17:25:08+00:00 ERR (3): Warning: simplexml_load_string() [<a href='function.simplexml-load-string'>function.simplexml-load-string</a>]: Entity: line 201: parser error : Extra content at the end of the document  in Z:\home\martana.den\www\app\code\core\Mage\Core\Model\Layout\Update.php on line 450
2015-07-26T17:25:08+00:00 ERR (3): Warning: simplexml_load_string() [<a href='function.simplexml-load-string'>function.simplexml-load-string</a>]: &lt;/layout&gt;   in Z:\home\martana.den\www\app\code\core\Mage\Core\Model\Layout\Update.php on line 450
2015-07-26T17:25:08+00:00 ERR (3): Warning: simplexml_load_string() [<a href='function.simplexml-load-string'>function.simplexml-load-string</a>]: ^  in Z:\home\martana.den\www\app\code\core\Mage\Core\Model\Layout\Update.php on line 450
2015-07-27T17:04:27+00:00 CRIT (2): Not valid template file:frontend\base\default\template\slider/slider.phtml
2015-07-27T17:10:30+00:00 ERR (3): Warning: Invalid argument supplied for foreach()  in Z:\home\martana.den\www\app\design\frontend\martana\default\template\slider\slider.phtml on line 77
2015-07-27T17:10:51+00:00 ERR (3): Warning: Invalid argument supplied for foreach()  in Z:\home\martana.den\www\app\design\frontend\martana\default\template\slider\slider.phtml on line 77
2015-07-27T17:13:26+00:00 ERR (3): Warning: Invalid argument supplied for foreach()  in Z:\home\martana.den\www\app\design\frontend\martana\default\template\slider\slider.phtml on line 77
2015-07-27T17:15:09+00:00 ERR (3): Warning: Invalid argument supplied for foreach()  in Z:\home\martana.den\www\app\design\frontend\martana\default\template\slider\slider.phtml on line 77
2015-07-27T17:44:38+00:00 ERR (3): Recoverable Error: Argument 1 passed to Mage_Review_Block_Product_View::getReviewsSummaryHtml() must be an instance of Mage_Catalog_Model_Product, null given, called in Z:\home\martana.den\www\app\design\frontend\martana\default\template\review\product\view\list.phtml on line 30 and defined  in Z:\home\martana.den\www\app\code\core\Mage\Review\Block\Product\View.php on line 59
2015-07-27T17:45:18+00:00 ERR (3): Recoverable Error: Object of class Mage_Review_Block_Product_View_List could not be converted to string  in Z:\home\martana.den\www\app\design\frontend\martana\default\template\review\product\view\list.phtml on line 29
2015-07-27T17:45:18+00:00 ERR (3): Recoverable Error: Argument 1 passed to Mage_Review_Block_Product_View::getReviewsSummaryHtml() must be an instance of Mage_Catalog_Model_Product, null given, called in Z:\home\martana.den\www\app\design\frontend\martana\default\template\review\product\view\list.phtml on line 30 and defined  in Z:\home\martana.den\www\app\code\core\Mage\Review\Block\Product\View.php on line 59
2015-07-27T17:52:53+00:00 ERR (3): Recoverable Error: Argument 1 passed to Mage_Review_Block_Product_View::getReviewsSummaryHtml() must be an instance of Mage_Catalog_Model_Product, null given, called in Z:\home\martana.den\www\app\design\frontend\martana\default\template\review\product\view\list.phtml on line 30 and defined  in Z:\home\martana.den\www\app\code\core\Mage\Review\Block\Product\View.php on line 59
2015-07-27T17:58:46+00:00 ERR (3): Recoverable Error: Argument 1 passed to Mage_Review_Block_Product_View::getReviewsSummaryHtml() must be an instance of Mage_Catalog_Model_Product, null given, called in Z:\home\martana.den\www\app\design\frontend\martana\default\template\review\product\view\list.phtml on line 30 and defined  in Z:\home\martana.den\www\app\code\core\Mage\Review\Block\Product\View.php on line 59
2015-07-27T19:18:17+00:00 ERR (3): Recoverable Error: Object of class Mage_Review_Model_Review could not be converted to string  in Z:\home\martana.den\www\app\design\frontend\martana\default\template\review\product\view\list.phtml on line 61
2015-07-27T19:50:26+00:00 ERR (3): Recoverable Error: Object of class Mage_Customer_Model_Resource_Customer_Collection could not be converted to string  in Z:\home\martana.den\www\app\design\frontend\martana\default\template\review\product\view\list.phtml on line 71
2015-07-27T19:50:26+00:00 ERR (3): Recoverable Error: Object of class Mage_Customer_Model_Resource_Customer_Collection could not be converted to string  in Z:\home\martana.den\www\app\design\frontend\martana\default\template\review\product\view\list.phtml on line 71
2015-07-27T19:50:26+00:00 ERR (3): Recoverable Error: Object of class Mage_Customer_Model_Resource_Customer_Collection could not be converted to string  in Z:\home\martana.den\www\app\design\frontend\martana\default\template\review\product\view\list.phtml on line 71
