app/code/local/Stovpak/Article/Block/Adminhtml/Article.php
app/code/local/Stovpak/Article/Block/Adminhtml/Article/Edit.php
app/code/local/Stovpak/Article/Block/Adminhtml/Article/Edit/Form.php
app/code/local/Stovpak/Article/Block/Adminhtml/Article/Edit/Tab/Form.php
app/code/local/Stovpak/Article/Block/Adminhtml/Article/Edit/Tab/Meta.php
app/code/local/Stovpak/Article/Block/Adminhtml/Article/Edit/Tab/Stores.php
app/code/local/Stovpak/Article/Block/Adminhtml/Article/Edit/Tabs.php
app/code/local/Stovpak/Article/Block/Adminhtml/Article/Grid.php
app/code/local/Stovpak/Article/Block/Adminhtml/Article/Helper/Image.php
app/code/local/Stovpak/Article/Block/Adminhtml/Article/Widget/Chooser.php
app/code/local/Stovpak/Article/Block/Article/List.php
app/code/local/Stovpak/Article/Block/Article/Rss.php
app/code/local/Stovpak/Article/Block/Article/View.php
app/code/local/Stovpak/Article/Block/Article/Widget/Link.php
app/code/local/Stovpak/Article/Block/Article/Widget/View.php
app/code/local/Stovpak/Article/Block/Rss.php
app/code/local/Stovpak/Article/Controller/Adminhtml/Article.php
app/code/local/Stovpak/Article/Controller/Router.php
app/code/local/Stovpak/Article/Helper/Article.php
app/code/local/Stovpak/Article/Helper/Article/Image.php
app/code/local/Stovpak/Article/Helper/Data.php
app/code/local/Stovpak/Article/Helper/Image/Abstract.php
app/code/local/Stovpak/Article/Model/Adminhtml/Search/Article.php
app/code/local/Stovpak/Article/Model/Article.php
app/code/local/Stovpak/Article/Model/Resource/Article.php
app/code/local/Stovpak/Article/Model/Resource/Article/Collection.php
app/code/local/Stovpak/Article/Model/Resource/Setup.php
app/code/local/Stovpak/Article/controllers/Adminhtml/Article/Article/WidgetController.php
app/code/local/Stovpak/Article/controllers/Adminhtml/Article/ArticleController.php
app/code/local/Stovpak/Article/controllers/ArticleController.php
app/code/local/Stovpak/Article/etc/adminhtml.xml
app/code/local/Stovpak/Article/etc/config.xml
app/code/local/Stovpak/Article/etc/system.xml
app/code/local/Stovpak/Article/etc/widget.xml
app/code/local/Stovpak/Article/sql/stovpak_article_setup/install-1.0.0.php
app/design/adminhtml/default/default/layout/stovpak_article.xml
app/design/frontend/base/default/layout/stovpak_article.xml
app/design/frontend/base/default/template/stovpak_article/article/list.phtml
app/design/frontend/base/default/template/stovpak_article/article/view.phtml
app/design/frontend/base/default/template/stovpak_article/article/widget/link.phtml
app/design/frontend/base/default/template/stovpak_article/article/widget/view.phtml
app/design/frontend/base/default/template/stovpak_article/rss.phtml
app/etc/modules/Stovpak_Article.xml
app/locale/en_US/Stovpak_Article.csv
skin/frontend/base/default/images/placeholder/article.jpg